<?xml version='1.0' encoding='UTF-8'?>
<testsuite hostname="DESKTOP-KC551HT" name="haslang.SyntaxAnalysisTests" tests="72" errors="0" failures="0" skipped="0" time="0.392" timestamp="2022-08-23T16:53:20">
          <properties>
[...]
</properties>
          <testcase classname="haslang.SyntaxAnalysisTests" name="equal expression" time="0.092">
                      
                    </testcase><testcase classname="haslang.SyntaxAnalysisTests" name="less than expression" time="0.009">
                      
                    </testcase><testcase classname="haslang.SyntaxAnalysisTests" name="addition expression" time="0.004">
                      
                    </testcase><testcase classname="haslang.SyntaxAnalysisTests" name="subtraction expression" time="0.004">
                      
                    </testcase><testcase classname="haslang.SyntaxAnalysisTests" name="multiplication expression" time="0.004">
                      
                    </testcase><testcase classname="haslang.SyntaxAnalysisTests" name="division expression" time="0.003">
                      
                    </testcase><testcase classname="haslang.SyntaxAnalysisTests" name="integer expression" time="0.001">
                      
                    </testcase><testcase classname="haslang.SyntaxAnalysisTests" name="true expression" time="0.001">
                      
                    </testcase><testcase classname="haslang.SyntaxAnalysisTests" name="false expression" time="0.002">
                      
                    </testcase><testcase classname="haslang.SyntaxAnalysisTests" name="identifier expression" time="0.002">
                      
                    </testcase><testcase classname="haslang.SyntaxAnalysisTests" name="parenthesized expression" time="0.004">
                      
                    </testcase><testcase classname="haslang.SyntaxAnalysisTests" name="application expression 1" time="0.002">
                      
                    </testcase><testcase classname="haslang.SyntaxAnalysisTests" name="expression containing an application expression" time="0.004">
                      
                    </testcase><testcase classname="haslang.SyntaxAnalysisTests" name="if expression" time="0.006">
                      
                    </testcase><testcase classname="haslang.SyntaxAnalysisTests" name="lambda expression" time="0.015">
                      
                    </testcase><testcase classname="haslang.SyntaxAnalysisTests" name="basic type" time="0.001">
                      
                    </testcase><testcase classname="haslang.SyntaxAnalysisTests" name="parsing unit type" time="0.004">
                      
                    </testcase><testcase classname="haslang.SyntaxAnalysisTests" name="parsing list type" time="0.001">
                      
                    </testcase><testcase classname="haslang.SyntaxAnalysisTests" name="parsing tuple type" time="0.005">
                      
                    </testcase><testcase classname="haslang.SyntaxAnalysisTests" name="parsing function type" time="0.002">
                      
                    </testcase><testcase classname="haslang.SyntaxAnalysisTests" name="parsing bracketted function type" time="0.002">
                      
                    </testcase><testcase classname="haslang.SyntaxAnalysisTests" name="empty list" time="0.002">
                      
                    </testcase><testcase classname="haslang.SyntaxAnalysisTests" name="cons expression" time="0.003">
                      
                    </testcase><testcase classname="haslang.SyntaxAnalysisTests" name="list expression" time="0.007">
                      
                    </testcase><testcase classname="haslang.SyntaxAnalysisTests" name="tuple expression" time="0.006">
                      
                    </testcase><testcase classname="haslang.SyntaxAnalysisTests" name="underscore pattern" time="0.01">
                      
                    </testcase><testcase classname="haslang.SyntaxAnalysisTests" name="literal pattern" time="0.002">
                      
                    </testcase><testcase classname="haslang.SyntaxAnalysisTests" name="list pattern" time="0.003">
                      
                    </testcase><testcase classname="haslang.SyntaxAnalysisTests" name="cons pattern" time="0.005">
                      
                    </testcase><testcase classname="haslang.SyntaxAnalysisTests" name="tuple pattern" time="0.002">
                      
                    </testcase><testcase classname="haslang.SyntaxAnalysisTests" name="simple function line" time="0.007">
                      
                    </testcase><testcase classname="haslang.SyntaxAnalysisTests" name="more complicated function line" time="0.005">
                      
                    </testcase><testcase classname="haslang.SyntaxAnalysisTests" name="simple variable" time="0.005">
                      
                    </testcase><testcase classname="haslang.SyntaxAnalysisTests" name="function with two lines" time="0.004">
                      
                    </testcase><testcase classname="haslang.SyntaxAnalysisTests" name="function with three lines" time="0.006">
                      
                    </testcase><testcase classname="haslang.SyntaxAnalysisTests" name="one definition" time="0.004">
                      
                    </testcase><testcase classname="haslang.SyntaxAnalysisTests" name="one definition with lambda" time="0.003">
                      
                    </testcase><testcase classname="haslang.SyntaxAnalysisTests" name="two definitions" time="0.003">
                      
                    </testcase><testcase classname="haslang.SyntaxAnalysisTests" name="let with one definition" time="0.006">
                      
                    </testcase><testcase classname="haslang.SyntaxAnalysisTests" name="let with two definitions" time="0.004">
                      
                    </testcase><testcase classname="haslang.SyntaxAnalysisTests" name="program with two definitions including lambda" time="0.008">
                      
                    </testcase><testcase classname="haslang.SyntaxAnalysisTests" name="program with definitions including lambda and multiline fun" time="0.01">
                      
                    </testcase><testcase classname="haslang.SyntaxAnalysisTests" name="Precedence and Associativity Test #1" time="0.003">
                      
                    </testcase><testcase classname="haslang.SyntaxAnalysisTests" name="Precedence and Associativity Test #2" time="0.002">
                      
                    </testcase><testcase classname="haslang.SyntaxAnalysisTests" name="Precedence and Associativity Test #3 - should ignore 3" time="0.001">
                      
                    </testcase><testcase classname="haslang.SyntaxAnalysisTests" name="Precedence and Associativity Test #4" time="0.001">
                      
                    </testcase><testcase classname="haslang.SyntaxAnalysisTests" name="Precedence and Associativity Test #5" time="0.002">
                      
                    </testcase><testcase classname="haslang.SyntaxAnalysisTests" name="Precedence and Associtivity Test #6 - / right Associativity" time="0.009">
                      
                    </testcase><testcase classname="haslang.SyntaxAnalysisTests" name="Precedence and Associtivity Test #7 - - right Associativity" time="0.005">
                      
                    </testcase><testcase classname="haslang.SyntaxAnalysisTests" name="Precedence and Associtivity Test #8 - * Left Associativity" time="0.002">
                      
                    </testcase><testcase classname="haslang.SyntaxAnalysisTests" name="Precedence and Associtivity Test #9 - + Left Associativity" time="0.003">
                      
                    </testcase><testcase classname="haslang.SyntaxAnalysisTests" name="Precedence and Associtivity Test #10 - : Right Associativity" time="0.004">
                      
                    </testcase><testcase classname="haslang.SyntaxAnalysisTests" name="Precedence and Associtivity Test #11 - AppExp Left Associativity" time="0.004">
                      
                    </testcase><testcase classname="haslang.SyntaxAnalysisTests" name="Precedence and Associtivity Test #12 - If and LambdaExp Left Associativity" time="0.009">
                      
                    </testcase><testcase classname="haslang.SyntaxAnalysisTests" name="Precedence and Associtivity Test #13 - ListExp Left Associativity" time="0.006">
                      
                    </testcase><testcase classname="haslang.SyntaxAnalysisTests" name="Precedence and Associtivity Test #14 - TupleExp Left Associativity" time="0.005">
                      
                    </testcase><testcase classname="haslang.SyntaxAnalysisTests" name="Precedence and Associtivity Test #15 - LetExp Left Associativity" time="0.02">
                      
                    </testcase><testcase classname="haslang.SyntaxAnalysisTests" name="Testing ListType With Set of Empty () #1" time="0.001">
                      
                    </testcase><testcase classname="haslang.SyntaxAnalysisTests" name="Strenuous Testing of TupleType #2" time="0.002">
                      
                    </testcase><testcase classname="haslang.SyntaxAnalysisTests" name="Testing IntType #3" time="0.001">
                      
                    </testcase><testcase classname="haslang.SyntaxAnalysisTests" name="Multi Bracketted FunType #4" time="0.0">
                      
                    </testcase><testcase classname="haslang.SyntaxAnalysisTests" name="Multi FunType #5" time="0.002">
                      
                    </testcase><testcase classname="haslang.SyntaxAnalysisTests" name="Empty List Pat [] #1" time="0.001">
                      
                    </testcase><testcase classname="haslang.SyntaxAnalysisTests" name="True pat #2" time="0.001">
                      
                    </testcase><testcase classname="haslang.SyntaxAnalysisTests" name="False pat #3" time="0.001">
                      
                    </testcase><testcase classname="haslang.SyntaxAnalysisTests" name="Testing ListPat #4" time="0.003">
                      
                    </testcase><testcase classname="haslang.SyntaxAnalysisTests" name="Testing TuplePat #5" time="0.004">
                      
                    </testcase><testcase classname="haslang.SyntaxAnalysisTests" name="Testing ConsPat #6" time="0.002">
                      
                    </testcase><testcase classname="haslang.SyntaxAnalysisTests" name="Testing ConsPat #7" time="0.001">
                      
                    </testcase><testcase classname="haslang.SyntaxAnalysisTests" name="sum FunLine Testing #1" time="0.009">
                      
                    </testcase><testcase classname="haslang.SyntaxAnalysisTests" name="Multi FunLine Testing #2" time="0.007">
                      
                    </testcase><testcase classname="haslang.SyntaxAnalysisTests" name="Multi Definitions Testing #3" time="0.008">
                      
                    </testcase>
          <system-out><![CDATA[]]></system-out>
          <system-err><![CDATA[]]></system-err>
        </testsuite>